<?xml version="1.0" encoding="UTF-8"?>
<!-- Generated by org.testng.reporters.JUnitXMLReporter -->
<testsuite hostname="LAPTOP-3RN7TLQT" ignored="0" name="Default test" tests="5" failures="0" timestamp="2020-07-26T22:34:14 IST" time="0.111" errors="0">
  <testcase name="mobilecarloan" time="0.016" classname="com.testngbasics.Day3"/>
  <testcase name="webcarloan" time="0.0" classname="com.testngbasics.Day3"/>
  <testcase name="webcarloan" time="0.0" classname="com.testngbasics.Day3"/>
  <testcase name="webcarloan" time="0.0" classname="com.testngbasics.Day3"/>
  <testcase name="apicarloan" time="0.0" classname="com.testngbasics.Day3"/>
</testsuite> <!-- Default test -->
