<?xml version="1.0" encoding="UTF-8"?>
<!-- Generated by org.testng.reporters.JUnitXMLReporter -->
<testsuite hostname="LAPTOP-3RN7TLQT" ignored="6" name="Loans" tests="5" failures="0" timestamp="2020-08-03T21:29:16 IST" time="0.087" errors="0">
  <testcase name="mobilehomeloan" time="0.016" classname="com.testngbasics.Day4"/>
  <testcase name="mobilecarloan" time="0.0" classname="com.testngbasics.Day3"/>
  <testcase name="apiperloan" time="0.0" classname="com.testngbasics.Day2"/>
  <testcase name="mobileperloan" time="0.0" classname="com.testngbasics.Day2"/>
  <testcase name="webperloan" time="0.0" classname="com.testngbasics.Day2"/>
  <testcase name="apihomeloan" time="0.0" classname="com.testngbasics.Day4">
    <ignored/>
  </testcase> <!-- apihomeloan -->
  <testcase name="apicarloan" time="0.0" classname="com.testngbasics.Day3">
    <ignored/>
  </testcase> <!-- apicarloan -->
  <testcase name="loanssignup" time="0.0" classname="com.testngbasics.Day1">
    <ignored/>
  </testcase> <!-- loanssignup -->
  <testcase name="webhomeloan" time="0.0" classname="com.testngbasics.Day4">
    <ignored/>
  </testcase> <!-- webhomeloan -->
  <testcase name="loanssignin" time="0.0" classname="com.testngbasics.Day1">
    <ignored/>
  </testcase> <!-- loanssignin -->
  <testcase name="webcarloan" time="0.0" classname="com.testngbasics.Day3">
    <ignored/>
  </testcase> <!-- webcarloan -->
</testsuite> <!-- Loans -->
