<?xml version="1.0" encoding="UTF-8"?>
<!-- Generated by org.testng.reporters.JUnitXMLReporter -->
<testsuite hostname="LAPTOP-3RN7TLQT" ignored="1" name="Package" tests="13" failures="0" timestamp="2020-07-26T22:02:48 IST" time="0.158" errors="0">
  <testcase name="loanssignin" time="0.031" classname="com.testngbasics.Day1"/>
  <testcase name="loanssignup" time="0.0" classname="com.testngbasics.Day1"/>
  <testcase name="apiperloan" time="0.016" classname="com.testngbasics.Day2"/>
  <testcase name="mobileperloan" time="0.0" classname="com.testngbasics.Day2"/>
  <testcase name="webperloan" time="0.0" classname="com.testngbasics.Day2"/>
  <testcase name="mobilecarloan" time="0.016" classname="com.testngbasics.Day3"/>
  <testcase name="webcarloan" time="0.0" classname="com.testngbasics.Day3"/>
  <testcase name="apicarloan" time="0.015" classname="com.testngbasics.Day3"/>
  <testcase name="apihomeloan" time="0.0" classname="com.testngbasics.Day4"/>
  <testcase name="mobilehomeloan" time="0.0" classname="com.testngbasics.Day4"/>
  <testcase name="a" time="0.0" classname="com.testngbasics.FirstTest"/>
  <testcase name="a" time="0.0" classname="com.testngbasics.NewTest"/>
  <testcase name="b" time="0.0" classname="com.testngbasics.NewTest"/>
  <testcase name="webhomeloan" time="0.0" classname="com.testngbasics.Day4">
    <ignored/>
  </testcase> <!-- webhomeloan -->
</testsuite> <!-- Package -->
