<?xml version="1.0" encoding="UTF-8"?>
<!-- Generated by org.testng.reporters.JUnitXMLReporter -->
<testsuite hostname="LAPTOP-3RN7TLQT" ignored="7" name="smoketest" tests="4" failures="0" timestamp="2020-07-28T23:44:59 IST" time="0.34" errors="0">
  <testcase name="mobilehomeloan" time="0.046" classname="com.testngbasics.Day4"/>
  <testcase name="mobileperloan" time="0.008" classname="com.testngbasics.Day2"/>
  <testcase name="loanssignin" time="0.008" classname="com.testngbasics.Day1"/>
  <testcase name="mobilecarloan" time="0.012" classname="com.testngbasics.Day3"/>
  <testcase name="apiperloan" time="0.0" classname="com.testngbasics.Day2">
    <ignored/>
  </testcase> <!-- apiperloan -->
  <testcase name="apihomeloan" time="0.0" classname="com.testngbasics.Day4">
    <ignored/>
  </testcase> <!-- apihomeloan -->
  <testcase name="apicarloan" time="0.0" classname="com.testngbasics.Day3">
    <ignored/>
  </testcase> <!-- apicarloan -->
  <testcase name="loanssignup" time="0.0" classname="com.testngbasics.Day1">
    <ignored/>
  </testcase> <!-- loanssignup -->
  <testcase name="webperloan" time="0.0" classname="com.testngbasics.Day2">
    <ignored/>
  </testcase> <!-- webperloan -->
  <testcase name="webhomeloan" time="0.0" classname="com.testngbasics.Day4">
    <ignored/>
  </testcase> <!-- webhomeloan -->
  <testcase name="webcarloan" time="0.0" classname="com.testngbasics.Day3">
    <ignored/>
  </testcase> <!-- webcarloan -->
</testsuite> <!-- smoketest -->
